<?xml version="1.0" encoding="UTF-8"?>
<!-- Generated by org.testng.reporters.JUnitXMLReporter -->
<testsuite ignored="3" hostname="DESKTOP-SG2EQTL" failures="0" tests="1" name="Default test" time="4.884" errors="0" timestamp="05 Feb 2021 15:33:15 GMT">
  <testcase classname="com.Automation.Test.Automation1.Test2" name="getUrl" time="2.772"/>
  <testcase classname="com.Automation.Test.Automation1.Test2" name="getPageSource" time="0.0">
    <ignored/>
  </testcase> <!-- getPageSource -->
  <testcase classname="com.Automation.Test.Automation1.Test2" name="getTitleAndTitleLength" time="0.0">
    <ignored/>
  </testcase> <!-- getTitleAndTitleLength -->
  <testcase classname="com.Automation.Test.Automation1.Test2" name="compareCurrentPageTitle" time="0.0">
    <ignored/>
  </testcase> <!-- compareCurrentPageTitle -->
</testsuite> <!-- Default test -->
