<?xml version="1.0" encoding="UTF-8"?>
<!-- Generated by org.testng.reporters.JUnitXMLReporter -->
<testsuite ignored="0" hostname="DESKTOP-SG2EQTL" failures="0" tests="10" name="Test" time="57.487" errors="0" timestamp="04 Feb 2021 12:10:12 GMT">
  <testcase classname="com.Automation.Test.Automation1.Test1" name="Test2" time="2.76"/>
  <testcase classname="com.Automation.Test.Automation1.Test1" name="Test3" time="2.887"/>
  <testcase classname="com.Automation.Test.Automation1.Test1" name="Test4" time="3.342"/>
  <testcase classname="com.Automation.Test.Automation1.Test1" name="Test5" time="2.718"/>
  <testcase classname="com.Automation.Test.Automation1.Test1" name="Test6" time="2.279"/>
  <testcase classname="com.Automation.Test.Automation1.Test1" name="Test7" time="2.345"/>
  <testcase classname="com.Automation.Test.Automation1.Test1" name="WriteToGoogleSearch" time="3.241"/>
  <testcase classname="com.Automation.Test.Automation1.TestClass1" name="Test1" time="10.196"/>
  <testcase classname="com.Automation.Test.Automation1.TestClass1" name="Test2" time="5.247"/>
  <testcase classname="com.Automation.Test.Automation1.TestClass1" name="Test3" time="4.835"/>
</testsuite> <!-- Test -->
