<?xml version="1.0" encoding="UTF-8"?>
<!-- Generated by org.testng.reporters.JUnitXMLReporter -->
<testsuite ignored="0" hostname="DESKTOP-SG2EQTL" failures="0" tests="3" name="Test" time="64.48" errors="0" timestamp="04 Feb 2021 12:07:28 GMT">
  <testcase classname="com.Automation.Test.Automation1.TestClass1" name="Test1" time="17.062"/>
  <testcase classname="com.Automation.Test.Automation1.TestClass1" name="Test2" time="24.126"/>
  <testcase classname="com.Automation.Test.Automation1.TestClass1" name="Test3" time="17.806"/>
</testsuite> <!-- Test -->
