<?xml version="1.0" encoding="UTF-8"?>
<!-- Generated by org.testng.reporters.JUnitXMLReporter -->
<testsuite ignored="0" hostname="DESKTOP-SG2EQTL" failures="0" tests="3" name="Test" time="44.27" errors="0" timestamp="03 Feb 2021 14:36:26 GMT">
  <testcase classname="com.Automation.Test.Automation1.TestClass1" name="Test1" time="11.697"/>
  <testcase classname="com.Automation.Test.Automation1.TestClass1" name="Test2" time="11.348"/>
  <testcase classname="com.Automation.Test.Automation1.TestClass1" name="Test3" time="13.51"/>
</testsuite> <!-- Test -->
