<?xml version="1.0" encoding="UTF-8"?>
<testng-results ignored="0" total="3" passed="3" failed="0" skipped="0">
  <reporter-output>
  </reporter-output>
  <suite started-at="2021-02-03T14:35:42Z" name="Suite" finished-at="2021-02-03T14:36:26Z" duration-ms="44270">
    <groups>
    </groups>
    <test started-at="2021-02-03T14:35:42Z" name="Test" finished-at="2021-02-03T14:36:26Z" duration-ms="44270">
      <class name="com.Automation.Test.Automation1.TestClass1">
        <test-method is-config="true" signature="launchDriver()[pri:0, instance:com.Automation.Test.Automation1.TestClass1@50de186c]" started-at="2021-02-03T14:35:42Z" name="launchDriver" finished-at="2021-02-03T14:35:44Z" duration-ms="1826" status="PASS">
          <reporter-output>
          </reporter-output>
        </test-method> <!-- launchDriver -->
        <test-method signature="Test1()[pri:0, instance:com.Automation.Test.Automation1.TestClass1@50de186c]" started-at="2021-02-03T14:35:44Z" name="Test1" finished-at="2021-02-03T14:35:55Z" duration-ms="11697" status="PASS">
          <reporter-output>
          </reporter-output>
        </test-method> <!-- Test1 -->
        <test-method is-config="true" signature="quit()[pri:0, instance:com.Automation.Test.Automation1.TestClass1@50de186c]" started-at="2021-02-03T14:35:55Z" name="quit" finished-at="2021-02-03T14:35:57Z" duration-ms="1831" status="PASS">
          <reporter-output>
          </reporter-output>
        </test-method> <!-- quit -->
        <test-method is-config="true" signature="launchDriver()[pri:0, instance:com.Automation.Test.Automation1.TestClass1@50de186c]" started-at="2021-02-03T14:35:57Z" name="launchDriver" finished-at="2021-02-03T14:35:58Z" duration-ms="1335" status="PASS">
          <reporter-output>
          </reporter-output>
        </test-method> <!-- launchDriver -->
        <test-method signature="Test2()[pri:0, instance:com.Automation.Test.Automation1.TestClass1@50de186c]" started-at="2021-02-03T14:35:58Z" name="Test2" finished-at="2021-02-03T14:36:10Z" duration-ms="11348" status="PASS">
          <reporter-output>
          </reporter-output>
        </test-method> <!-- Test2 -->
        <test-method is-config="true" signature="quit()[pri:0, instance:com.Automation.Test.Automation1.TestClass1@50de186c]" started-at="2021-02-03T14:36:10Z" name="quit" finished-at="2021-02-03T14:36:11Z" duration-ms="771" status="PASS">
          <reporter-output>
          </reporter-output>
        </test-method> <!-- quit -->
        <test-method is-config="true" signature="launchDriver()[pri:0, instance:com.Automation.Test.Automation1.TestClass1@50de186c]" started-at="2021-02-03T14:36:11Z" name="launchDriver" finished-at="2021-02-03T14:36:12Z" duration-ms="1193" status="PASS">
          <reporter-output>
          </reporter-output>
        </test-method> <!-- launchDriver -->
        <test-method signature="Test3()[pri:0, instance:com.Automation.Test.Automation1.TestClass1@50de186c]" started-at="2021-02-03T14:36:12Z" name="Test3" finished-at="2021-02-03T14:36:25Z" duration-ms="13510" status="PASS">
          <reporter-output>
          </reporter-output>
        </test-method> <!-- Test3 -->
        <test-method is-config="true" signature="quit()[pri:0, instance:com.Automation.Test.Automation1.TestClass1@50de186c]" started-at="2021-02-03T14:36:25Z" name="quit" finished-at="2021-02-03T14:36:26Z" duration-ms="742" status="PASS">
          <reporter-output>
          </reporter-output>
        </test-method> <!-- quit -->
      </class> <!-- com.Automation.Test.Automation1.TestClass1 -->
    </test> <!-- Test -->
  </suite> <!-- Suite -->
</testng-results>
