<?xml version="1.0" encoding="UTF-8"?>
<testng-results ignored="0" total="3" passed="3" failed="0" skipped="0">
  <reporter-output>
  </reporter-output>
  <suite started-at="2021-02-04T12:06:23Z" name="Suite" finished-at="2021-02-04T12:07:28Z" duration-ms="64480">
    <groups>
    </groups>
    <test started-at="2021-02-04T12:06:23Z" name="Test" finished-at="2021-02-04T12:07:28Z" duration-ms="64480">
      <class name="com.Automation.Test.Automation1.TestClass1">
        <test-method is-config="true" signature="launchDriver()[pri:0, instance:com.Automation.Test.Automation1.TestClass1@36a5cabc]" started-at="2021-02-04T12:06:23Z" name="launchDriver" finished-at="2021-02-04T12:06:25Z" duration-ms="1427" status="PASS">
          <reporter-output>
          </reporter-output>
        </test-method> <!-- launchDriver -->
        <test-method signature="Test1()[pri:0, instance:com.Automation.Test.Automation1.TestClass1@36a5cabc]" started-at="2021-02-04T12:06:25Z" name="Test1" finished-at="2021-02-04T12:06:42Z" duration-ms="17062" status="PASS">
          <reporter-output>
          </reporter-output>
        </test-method> <!-- Test1 -->
        <test-method is-config="true" signature="quit()[pri:0, instance:com.Automation.Test.Automation1.TestClass1@36a5cabc]" started-at="2021-02-04T12:06:42Z" name="quit" finished-at="2021-02-04T12:06:42Z" duration-ms="613" status="PASS">
          <reporter-output>
          </reporter-output>
        </test-method> <!-- quit -->
        <test-method is-config="true" signature="launchDriver()[pri:0, instance:com.Automation.Test.Automation1.TestClass1@36a5cabc]" started-at="2021-02-04T12:06:42Z" name="launchDriver" finished-at="2021-02-04T12:06:43Z" duration-ms="1093" status="PASS">
          <reporter-output>
          </reporter-output>
        </test-method> <!-- launchDriver -->
        <test-method signature="Test2()[pri:0, instance:com.Automation.Test.Automation1.TestClass1@36a5cabc]" started-at="2021-02-04T12:06:43Z" name="Test2" finished-at="2021-02-04T12:07:08Z" duration-ms="24126" status="PASS">
          <reporter-output>
          </reporter-output>
        </test-method> <!-- Test2 -->
        <test-method is-config="true" signature="quit()[pri:0, instance:com.Automation.Test.Automation1.TestClass1@36a5cabc]" started-at="2021-02-04T12:07:08Z" name="quit" finished-at="2021-02-04T12:07:08Z" duration-ms="603" status="PASS">
          <reporter-output>
          </reporter-output>
        </test-method> <!-- quit -->
        <test-method is-config="true" signature="launchDriver()[pri:0, instance:com.Automation.Test.Automation1.TestClass1@36a5cabc]" started-at="2021-02-04T12:07:08Z" name="launchDriver" finished-at="2021-02-04T12:07:09Z" duration-ms="1105" status="PASS">
          <reporter-output>
          </reporter-output>
        </test-method> <!-- launchDriver -->
        <test-method signature="Test3()[pri:0, instance:com.Automation.Test.Automation1.TestClass1@36a5cabc]" started-at="2021-02-04T12:07:09Z" name="Test3" finished-at="2021-02-04T12:07:27Z" duration-ms="17806" status="PASS">
          <reporter-output>
          </reporter-output>
        </test-method> <!-- Test3 -->
        <test-method is-config="true" signature="quit()[pri:0, instance:com.Automation.Test.Automation1.TestClass1@36a5cabc]" started-at="2021-02-04T12:07:27Z" name="quit" finished-at="2021-02-04T12:07:28Z" duration-ms="629" status="PASS">
          <reporter-output>
          </reporter-output>
        </test-method> <!-- quit -->
      </class> <!-- com.Automation.Test.Automation1.TestClass1 -->
    </test> <!-- Test -->
  </suite> <!-- Suite -->
</testng-results>
