<?xml version="1.0" encoding="UTF-8"?>
<testng-results ignored="3" total="4" passed="1" failed="0" skipped="0">
  <reporter-output>
  </reporter-output>
  <suite started-at="2021-02-05T15:33:10Z" name="Default suite" finished-at="2021-02-05T15:33:15Z" duration-ms="4884">
    <groups>
    </groups>
    <test started-at="2021-02-05T15:33:10Z" name="Default test" finished-at="2021-02-05T15:33:15Z" duration-ms="4884">
      <class name="com.Automation.Test.Automation1.Test2">
        <test-method is-config="true" signature="launchDriver()[pri:0, instance:com.Automation.Test.Automation1.Test2@38aa816f]" started-at="2021-02-05T15:33:10Z" name="launchDriver" finished-at="2021-02-05T15:33:11Z" duration-ms="1481" status="PASS">
          <reporter-output>
          </reporter-output>
        </test-method> <!-- launchDriver -->
        <test-method signature="getUrl()[pri:0, instance:com.Automation.Test.Automation1.Test2@38aa816f]" started-at="2021-02-05T15:33:11Z" name="getUrl" finished-at="2021-02-05T15:33:14Z" duration-ms="2772" status="PASS">
          <reporter-output>
          </reporter-output>
        </test-method> <!-- getUrl -->
        <test-method is-config="true" signature="quit()[pri:0, instance:com.Automation.Test.Automation1.Test2@38aa816f]" started-at="2021-02-05T15:33:14Z" name="quit" finished-at="2021-02-05T15:33:15Z" duration-ms="613" status="PASS">
          <reporter-output>
          </reporter-output>
        </test-method> <!-- quit -->
      </class> <!-- com.Automation.Test.Automation1.Test2 -->
    </test> <!-- Default test -->
  </suite> <!-- Default suite -->
</testng-results>
